<?xml version="1.0" encoding="UTF-8"?>
<!-- Generated by org.testng.reporters.JUnitReportReporter -->
<testsuite skipped="0" hostname="Lenovo-Pc" name="com.tests.MyWishListPageTest" tests="1" failures="0" timestamp="2019-10-07T02:23:42 AEDT" time="33.733" errors="0">
  <testcase name="myWishListPageTest" time="33.733" classname="com.tests.MyWishListPageTest"/>
</testsuite> <!-- com.tests.MyWishListPageTest -->
