<?xml version="1.0" encoding="UTF-8"?>
<!-- Generated by org.testng.reporters.JUnitReportReporter -->
<testsuite skipped="0" hostname="Lenovo-Pc" name="com.tests.MyWishListPageTest" tests="1" failures="0" timestamp="2019-10-07T12:24:19 AEDT" time="36.763" errors="0">
  <testcase name="myWishListPageTest" time="36.763" classname="com.tests.MyWishListPageTest"/>
</testsuite> <!-- com.tests.MyWishListPageTest -->
