<?xml version="1.0" encoding="UTF-8"?>
<!-- Generated by org.testng.reporters.JUnitReportReporter -->
<testsuite skipped="0" hostname="Lenovo-Pc" name="com.tests.MyWishListPageTest" tests="1" failures="0" timestamp="2019-10-07T10:10:15 AEDT" time="41.014" errors="0">
  <testcase name="myWishListPageTest" time="41.014" classname="com.tests.MyWishListPageTest"/>
</testsuite> <!-- com.tests.MyWishListPageTest -->
