<?xml version="1.0" encoding="UTF-8"?>
<!-- Generated by org.testng.reporters.JUnitReportReporter -->
<testsuite skipped="0" hostname="Lenovo-Pc" name="com.tests.MyWishListPageTest" tests="1" failures="0" timestamp="2019-10-07T13:58:03 AEDT" time="34.632" errors="0">
  <testcase name="myWishListPageTest" time="34.632" classname="com.tests.MyWishListPageTest"/>
</testsuite> <!-- com.tests.MyWishListPageTest -->
